2026-01-15 22:39:39 +0000  Initial pipeline context: <IDEDistributionProcessingPipelineContext: 0x818779200; archive(resolved)="<IDEArchive: 0x802289ce0>", distributionTask(resolved)="2", distributionDestination(resolved)="1", distributionMethod(resolved)="<IDEDistributionMethodDevelopmentSignedMac: 0x8033f2f20>", team(resolved)="<IDEProvisioningDisambiguatableBasicTeam: 0x809282100; teamID='V2Y5YKCMTR', teamName='Oliver Temple', teamType='Individual', username='ollie.temple@icloud.com', isFreeProvisioningTeam='0'>">
	Chain (13, self inclusive):
	<IDEDistributionProcessingPipelineContext: 0x818779200; archive = "<IDEArchive: 0x802289ce0>", distributionMethod="<IDEDistributionMethodDevelopmentSignedMac: 0x8033f2f20>", team="<IDEProvisioningDisambiguatableBasicTeam: 0x809282100; teamID='V2Y5YKCMTR', teamName='Oliver Temple', teamType='Individual', username='ollie.temple@icloud.com', isFreeProvisioningTeam='0'>">
	<IDEDistributionProcessingPipelineContext: 0x818778f00; archive = "<IDEArchive: 0x802289ce0>", distributionMethod="<IDEDistributionMethodDevelopmentSignedMac: 0x8033f2f20>", team="<IDEProvisioningDisambiguatableBasicTeam: 0x809282100; teamID='V2Y5YKCMTR', teamName='Oliver Temple', teamType='Individual', username='ollie.temple@icloud.com', isFreeProvisioningTeam='0'>">
	<IDEDistributionContext: 0x80235db80; archive = "<IDEArchive: 0x802289ce0>", distributionMethod="<IDEDistributionMethodDevelopmentSignedMac: 0x8033f2f20>", team="<IDEProvisioningDisambiguatableBasicTeam: 0x809282100; teamID='V2Y5YKCMTR', teamName='Oliver Temple', teamType='Individual', username='ollie.temple@icloud.com', isFreeProvisioningTeam='0'>">
	<IDEDistributionContext: 0x80292d680; archive = "<IDEArchive: 0x802289ce0>", distributionMethod="<IDEDistributionMethodDevelopmentSignedMac: 0x8033f2f20>", team="<IDEProvisioningDisambiguatableBasicTeam: 0x809282100; teamID='V2Y5YKCMTR', teamName='Oliver Temple', teamType='Individual', username='ollie.temple@icloud.com', isFreeProvisioningTeam='0'>">
	<IDEDistributionContext: 0x80804d680; archive = "<IDEArchive: 0x802289ce0>", distributionMethod="<IDEDistributionMethodDevelopmentSignedMac: 0x8033f2f20>", team="<IDEProvisioningDisambiguatableBasicTeam: 0x809282100; teamID='V2Y5YKCMTR', teamName='Oliver Temple', teamType='Individual', username='ollie.temple@icloud.com', isFreeProvisioningTeam='0'>">
	<IDEDistributionContext: 0x8022d8000; archive = "<IDEArchive: 0x802289ce0>", distributionMethod="<IDEDistributionMethodDevelopmentSignedMac: 0x8033f2f20>", team="<IDEProvisioningDisambiguatableBasicTeam: 0x809282100; teamID='V2Y5YKCMTR', teamName='Oliver Temple', teamType='Individual', username='ollie.temple@icloud.com', isFreeProvisioningTeam='0'>">
	<IDEDistributionContext: 0x802ea6080; archive = "<IDEArchive: 0x802289ce0>", distributionMethod="<IDEDistributionMethodDevelopmentSignedMac: 0x8033f2f20>", team="<IDEProvisioningDisambiguatableBasicTeam: 0x809282100; teamID='V2Y5YKCMTR', teamName='Oliver Temple', teamType='Individual', username='ollie.temple@icloud.com', isFreeProvisioningTeam='0'>">
	<IDEDistributionContext: 0x802ea5900; archive = "<IDEArchive: 0x802289ce0>", distributionMethod="<IDEDistributionMethodDevelopmentSignedMac: 0x8033f2f20>", team="<IDEProvisioningDisambiguatableBasicTeam: 0x809282100; teamID='V2Y5YKCMTR', teamName='Oliver Temple', teamType='Individual', username='ollie.temple@icloud.com', isFreeProvisioningTeam='0'>">
	<IDEDistributionContext: 0x802309b80; archive = "<IDEArchive: 0x802289ce0>", distributionMethod="<IDEDistributionMethodDevelopmentSignedMac: 0x8033f2f20>", team="(null)">
	<IDEDistributionContext: 0x802b52300; archive = "<IDEArchive: 0x802289ce0>", distributionMethod="<IDEDistributionMethodDevelopmentSignedMac: 0x8033f2f20>", team="(null)">
	<IDEDistributionContext: 0x802344000; archive = "<IDEArchive: 0x802289ce0>", distributionMethod="(null)", team="(null)">
	<IDEDistributionContext: 0x807cf1b80; archive = "<IDEArchive: 0x802289ce0>", distributionMethod="(null)", team="(null)">
	<IDEDistributionContext: 0x80235d900; archive = "<IDEArchive: 0x802289ce0>", distributionMethod="(null)", team="(null)">
</IDEDistributionProcessingPipelineContext: 0x818779200>
2026-01-15 22:39:39 +0000  Processing step: IDEDistributionCreateDestRootStep
2026-01-15 22:39:39 +0000  Processing step: IDEDistributionCopyItemStep
2026-01-15 22:39:39 +0000  Running /usr/bin/ditto '-V' '/Users/oliver/Library/Developer/Xcode/Archives/2026-01-15/MenuBarStats 15-01-2026, 22.39.xcarchive/Products/Applications/MenuBarStats.app' '/var/folders/1k/7qtcr2_577b6nw0285v3zx4m0000gn/T/XcodeDistPipeline.~~~hYEtok/Root/Applications/MenuBarStats.app'
2026-01-15 22:39:39 +0000  >>> Copying /Users/oliver/Library/Developer/Xcode/Archives/2026-01-15/MenuBarStats 15-01-2026, 22.39.xcarchive/Products/Applications/MenuBarStats.app 
2026-01-15 22:39:39 +0000  copying file ./Contents/_CodeSignature/CodeResources ... 
2026-01-15 22:39:39 +0000  2200 bytes for ./Contents/_CodeSignature/CodeResources
2026-01-15 22:39:39 +0000  copying file ./Contents/MacOS/MenuBarStats ... 
2026-01-15 22:39:39 +0000  2071168 bytes for ./Contents/MacOS/MenuBarStats
2026-01-15 22:39:39 +0000  copying file ./Contents/Info.plist ... 
2026-01-15 22:39:39 +0000  2117 bytes for ./Contents/Info.plist
2026-01-15 22:39:39 +0000  copying file ./Contents/PkgInfo ... 
2026-01-15 22:39:39 +0000  8 bytes for ./Contents/PkgInfo
2026-01-15 22:39:39 +0000  /usr/bin/ditto exited with 0
2026-01-15 22:39:39 +0000  Processing step: IDEDistributionEmbedProfileStep
2026-01-15 22:39:39 +0000  Skipping profile for item: <IDEDistributionItem: 0x8029c5080; bundleID='com.menubarstats.MenuBarStats', path='<DVTFilePath:0x802288380:'/Users/oliver/Library/Developer/Xcode/Archives/2026-01-15/MenuBarStats 15-01-2026, 22.39.xcarchive/Products/Applications/MenuBarStats.app'>', codeSigningInfo='<_DVTCodeSigningInformation_Path: 0x8029c79c0; isSigned='1', isAdHocSigned='0', signingCertificate='<DVTSigningCertificate: 0x80227a940; name='Apple Development: Oliver Temple (3V8LX7H46T)', hash='62F709C8CF36F4952A511D2118488C9103DB7E5D', serialNumber='3C9681ECBFA9C7B73DC7F93F036327C3', certificateKinds='(
    "1.2.840.113635.100.6.1.12",
    "1.2.840.113635.100.6.1.2"
), issueDate='2025-01-28 15:32:28 +0000''>', entitlements='{
}', teamID='V2Y5YKCMTR', identifier='com.menubarstats.MenuBarStats', executablePath='<DVTFilePath:0x8029cde60:'/Users/oliver/Library/Developer/Xcode/Archives/2026-01-15/MenuBarStats 15-01-2026, 22.39.xcarchive/Products/Applications/MenuBarStats.app/Contents/MacOS/MenuBarStats'>', hardenedRuntime='0'>'>
2026-01-15 22:39:39 +0000  Processing step: IDEDistributionInfoPlistStep
2026-01-15 22:39:39 +0000  Skipping step: IDEDistributionInfoPlistStep because it said so
2026-01-15 22:39:39 +0000  Processing step: IDEDistributionAppThinningPlistStep
2026-01-15 22:39:39 +0000  Processing step: IDEDistributionSymbolsStep
2026-01-15 22:39:39 +0000  Skipping step: IDEDistributionSymbolsStep because it said so
2026-01-15 22:39:39 +0000  Processing step: IDEDistributionAppThinningStep
2026-01-15 22:39:39 +0000  Skipping step: IDEDistributionAppThinningStep because it said so
2026-01-15 22:39:39 +0000  Processing step: IDEDistributionArchThinningStep
2026-01-15 22:39:39 +0000  Archs to thin for item /Users/oliver/Library/Developer/Xcode/Archives/2026-01-15/MenuBarStats 15-01-2026, 22.39.xcarchive/Products/Applications/MenuBarStats.app are []
2026-01-15 22:39:39 +0000  Processing step: IDEDistributionODRStep
2026-01-15 22:39:39 +0000  Processing step: IDEDistributionStripXattrsStep
2026-01-15 22:39:39 +0000  Skipping stripping extended attributes because the codesign step will strip them.
2026-01-15 22:39:39 +0000  Processing step: IDEDistributionCodesignStep
2026-01-15 22:39:39 +0000  Entitlements for <IDEDistributionItem: 0x8029c5080; bundleID='com.menubarstats.MenuBarStats', path='<DVTFilePath:0x802288380:'/Users/oliver/Library/Developer/Xcode/Archives/2026-01-15/MenuBarStats 15-01-2026, 22.39.xcarchive/Products/Applications/MenuBarStats.app'>', codeSigningInfo='<_DVTCodeSigningInformation_Path: 0x8029c79c0; isSigned='1', isAdHocSigned='0', signingCertificate='<DVTSigningCertificate: 0x80227a940; name='Apple Development: Oliver Temple (3V8LX7H46T)', hash='62F709C8CF36F4952A511D2118488C9103DB7E5D', serialNumber='3C9681ECBFA9C7B73DC7F93F036327C3', certificateKinds='(
    "1.2.840.113635.100.6.1.12",
    "1.2.840.113635.100.6.1.2"
), issueDate='2025-01-28 15:32:28 +0000''>', entitlements='{
}', teamID='V2Y5YKCMTR', identifier='com.menubarstats.MenuBarStats', executablePath='<DVTFilePath:0x8029cde60:'/Users/oliver/Library/Developer/Xcode/Archives/2026-01-15/MenuBarStats 15-01-2026, 22.39.xcarchive/Products/Applications/MenuBarStats.app/Contents/MacOS/MenuBarStats'>', hardenedRuntime='0'>'>: {
}
2026-01-15 22:39:39 +0000  Associated App Clip Identifiers Filter: Skipping because "com.apple.developer.associated-appclip-app-identifiers" is not present
2026-01-15 22:39:39 +0000  Entitlements for <IDEDistributionItem: 0x8029c5080; bundleID='com.menubarstats.MenuBarStats', path='<DVTFilePath:0x802288380:'/Users/oliver/Library/Developer/Xcode/Archives/2026-01-15/MenuBarStats 15-01-2026, 22.39.xcarchive/Products/Applications/MenuBarStats.app'>', codeSigningInfo='<_DVTCodeSigningInformation_Path: 0x8029c79c0; isSigned='1', isAdHocSigned='0', signingCertificate='<DVTSigningCertificate: 0x80227b3c0; name='Apple Development: Oliver Temple (3V8LX7H46T)', hash='62F709C8CF36F4952A511D2118488C9103DB7E5D', serialNumber='3C9681ECBFA9C7B73DC7F93F036327C3', certificateKinds='(
    "1.2.840.113635.100.6.1.12",
    "1.2.840.113635.100.6.1.2"
), issueDate='2025-01-28 15:32:28 +0000''>', entitlements='{
}', teamID='V2Y5YKCMTR', identifier='com.menubarstats.MenuBarStats', executablePath='<DVTFilePath:0x8029cde60:'/Users/oliver/Library/Developer/Xcode/Archives/2026-01-15/MenuBarStats 15-01-2026, 22.39.xcarchive/Products/Applications/MenuBarStats.app/Contents/MacOS/MenuBarStats'>', hardenedRuntime='0'>'> are: {
}
2026-01-15 22:39:39 +0000  Writing entitlements for <IDEDistributionItem: 0x8029c5080; bundleID='com.menubarstats.MenuBarStats', path='<DVTFilePath:0x802288380:'/Users/oliver/Library/Developer/Xcode/Archives/2026-01-15/MenuBarStats 15-01-2026, 22.39.xcarchive/Products/Applications/MenuBarStats.app'>', codeSigningInfo='<_DVTCodeSigningInformation_Path: 0x8029c79c0; isSigned='1', isAdHocSigned='0', signingCertificate='<DVTSigningCertificate: 0x80227b3c0; name='Apple Development: Oliver Temple (3V8LX7H46T)', hash='62F709C8CF36F4952A511D2118488C9103DB7E5D', serialNumber='3C9681ECBFA9C7B73DC7F93F036327C3', certificateKinds='(
    "1.2.840.113635.100.6.1.12",
    "1.2.840.113635.100.6.1.2"
), issueDate='2025-01-28 15:32:28 +0000''>', entitlements='{
}', teamID='V2Y5YKCMTR', identifier='com.menubarstats.MenuBarStats', executablePath='<DVTFilePath:0x8029cde60:'/Users/oliver/Library/Developer/Xcode/Archives/2026-01-15/MenuBarStats 15-01-2026, 22.39.xcarchive/Products/Applications/MenuBarStats.app/Contents/MacOS/MenuBarStats'>', hardenedRuntime='0'>'> to: /var/folders/1k/7qtcr2_577b6nw0285v3zx4m0000gn/T/XcodeDistPipeline.~~~hYEtok/entitlements~~~0eHlYe
2026-01-15 22:39:39 +0000  invoking codesign: <NSConcreteTask: 0x80c5b6e90; launchPath='/usr/bin/codesign', arguments='(
    "-f",
    "-s",
    62F709C8CF36F4952A511D2118488C9103DB7E5D,
    "--entitlements",
    "/var/folders/1k/7qtcr2_577b6nw0285v3zx4m0000gn/T/XcodeDistPipeline.~~~hYEtok/entitlements~~~0eHlYe",
    "--preserve-metadata=identifier,flags,runtime,launch-constraints,library-constraints",
    "--generate-entitlement-der",
    "--strip-disallowed-xattrs",
    "-vvv",
    "/var/folders/1k/7qtcr2_577b6nw0285v3zx4m0000gn/T/XcodeDistPipeline.~~~hYEtok/Root/Applications/MenuBarStats.app"
)'>
2026-01-15 22:39:39 +0000  codesign output: /var/folders/1k/7qtcr2_577b6nw0285v3zx4m0000gn/T/XcodeDistPipeline.~~~hYEtok/Root/Applications/MenuBarStats.app: replacing existing signature
/var/folders/1k/7qtcr2_577b6nw0285v3zx4m0000gn/T/XcodeDistPipeline.~~~hYEtok/Root/Applications/MenuBarStats.app: signed app bundle with Mach-O universal (x86_64 arm64) [com.menubarstats.MenuBarStats]
2026-01-15 22:39:39 +0000  Processing step: IDEDistributionZipODRItemStep
2026-01-15 22:39:39 +0000  Skipping step: IDEDistributionZipODRItemStep because it said so
2026-01-15 22:39:39 +0000  Processing step: IDEDistributionSkipPackagingStep
2026-01-15 22:39:39 +0000  Processing step: IDEDistributionAppStoreInformationStep
2026-01-15 22:39:39 +0000  Skipping step: IDEDistributionAppStoreInformationStep because it said so
2026-01-15 22:39:39 +0000  Processing step: IDEDistributionGenerateProcessedDistributionItems
2026-01-15 22:39:39 +0000  IDEDistributionItem init <DVTFilePath:0x8020fd730:'/var/folders/1k/7qtcr2_577b6nw0285v3zx4m0000gn/T/XcodeDistPipeline.~~~hYEtok/Root/Applications/MenuBarStats.app'>
2026-01-15 22:39:39 +0000  [OPTIONAL] Didn't find embedded provisioning profile for <DVTFilePath:0x8020fd730:'/var/folders/1k/7qtcr2_577b6nw0285v3zx4m0000gn/T/XcodeDistPipeline.~~~hYEtok/Root/Applications/MenuBarStats.app'>: Error Domain=NSCocoaErrorDomain Code=4 "No file at <DVTFilePath:0x802288a80:'/var/folders/1k/7qtcr2_577b6nw0285v3zx4m0000gn/T/XcodeDistPipeline.~~~hYEtok/Root/Applications/MenuBarStats.app/Contents/embedded.provisionprofile'>" UserInfo={NSLocalizedDescription=No file at <DVTFilePath:0x802288a80:'/var/folders/1k/7qtcr2_577b6nw0285v3zx4m0000gn/T/XcodeDistPipeline.~~~hYEtok/Root/Applications/MenuBarStats.app/Contents/embedded.provisionprofile'>}
2026-01-15 22:39:39 +0000  Processing step: IDEDistributionCreateManifestStep
2026-01-15 22:39:39 +0000  Skipping step: IDEDistributionCreateManifestStep because it said so
