2026-01-16 07:32:14 +0000  Initial pipeline context: <IDEDistributionProcessingPipelineContext: 0xadd2c1b00; archive(resolved)="<IDEArchive: 0xacee903f0>", distributionTask(resolved)="2", distributionDestination(resolved)="1", distributionMethod(resolved)="<IDEDistributionMethodDevelopmentSignedMac: 0xace36cad0>", team(resolved)="<IDEProvisioningDisambiguatableBasicTeam: 0xace14e300; teamID='V2Y5YKCMTR', teamName='Oliver Temple', teamType='Individual', username='ollie.temple@icloud.com', isFreeProvisioningTeam='0'>">
	Chain (13, self inclusive):
	<IDEDistributionProcessingPipelineContext: 0xadd2c1b00; archive = "<IDEArchive: 0xacee903f0>", distributionMethod="<IDEDistributionMethodDevelopmentSignedMac: 0xace36cad0>", team="<IDEProvisioningDisambiguatableBasicTeam: 0xace14e300; teamID='V2Y5YKCMTR', teamName='Oliver Temple', teamType='Individual', username='ollie.temple@icloud.com', isFreeProvisioningTeam='0'>">
	<IDEDistributionProcessingPipelineContext: 0xadd2c1800; archive = "<IDEArchive: 0xacee903f0>", distributionMethod="<IDEDistributionMethodDevelopmentSignedMac: 0xace36cad0>", team="<IDEProvisioningDisambiguatableBasicTeam: 0xace14e300; teamID='V2Y5YKCMTR', teamName='Oliver Temple', teamType='Individual', username='ollie.temple@icloud.com', isFreeProvisioningTeam='0'>">
	<IDEDistributionContext: 0xac908c280; archive = "<IDEArchive: 0xacee903f0>", distributionMethod="<IDEDistributionMethodDevelopmentSignedMac: 0xace36cad0>", team="<IDEProvisioningDisambiguatableBasicTeam: 0xace14e300; teamID='V2Y5YKCMTR', teamName='Oliver Temple', teamType='Individual', username='ollie.temple@icloud.com', isFreeProvisioningTeam='0'>">
	<IDEDistributionContext: 0xac9155680; archive = "<IDEArchive: 0xacee903f0>", distributionMethod="<IDEDistributionMethodDevelopmentSignedMac: 0xace36cad0>", team="<IDEProvisioningDisambiguatableBasicTeam: 0xace14e300; teamID='V2Y5YKCMTR', teamName='Oliver Temple', teamType='Individual', username='ollie.temple@icloud.com', isFreeProvisioningTeam='0'>">
	<IDEDistributionContext: 0xac9155400; archive = "<IDEArchive: 0xacee903f0>", distributionMethod="<IDEDistributionMethodDevelopmentSignedMac: 0xace36cad0>", team="<IDEProvisioningDisambiguatableBasicTeam: 0xace14e300; teamID='V2Y5YKCMTR', teamName='Oliver Temple', teamType='Individual', username='ollie.temple@icloud.com', isFreeProvisioningTeam='0'>">
	<IDEDistributionContext: 0xac9154a00; archive = "<IDEArchive: 0xacee903f0>", distributionMethod="<IDEDistributionMethodDevelopmentSignedMac: 0xace36cad0>", team="<IDEProvisioningDisambiguatableBasicTeam: 0xace14e300; teamID='V2Y5YKCMTR', teamName='Oliver Temple', teamType='Individual', username='ollie.temple@icloud.com', isFreeProvisioningTeam='0'>">
	<IDEDistributionContext: 0xac9154f00; archive = "<IDEArchive: 0xacee903f0>", distributionMethod="<IDEDistributionMethodDevelopmentSignedMac: 0xace36cad0>", team="<IDEProvisioningDisambiguatableBasicTeam: 0xace14e300; teamID='V2Y5YKCMTR', teamName='Oliver Temple', teamType='Individual', username='ollie.temple@icloud.com', isFreeProvisioningTeam='0'>">
	<IDEDistributionContext: 0xac9154c80; archive = "<IDEArchive: 0xacee903f0>", distributionMethod="<IDEDistributionMethodDevelopmentSignedMac: 0xace36cad0>", team="<IDEProvisioningDisambiguatableBasicTeam: 0xace14e300; teamID='V2Y5YKCMTR', teamName='Oliver Temple', teamType='Individual', username='ollie.temple@icloud.com', isFreeProvisioningTeam='0'>">
	<IDEDistributionContext: 0xac9156080; archive = "<IDEArchive: 0xacee903f0>", distributionMethod="<IDEDistributionMethodDevelopmentSignedMac: 0xace36cad0>", team="(null)">
	<IDEDistributionContext: 0xac9156a80; archive = "<IDEArchive: 0xacee903f0>", distributionMethod="<IDEDistributionMethodDevelopmentSignedMac: 0xace36cad0>", team="(null)">
	<IDEDistributionContext: 0xac9154000; archive = "<IDEArchive: 0xacee903f0>", distributionMethod="(null)", team="(null)">
	<IDEDistributionContext: 0xac9869180; archive = "<IDEArchive: 0xacee903f0>", distributionMethod="(null)", team="(null)">
	<IDEDistributionContext: 0xac9095400; archive = "<IDEArchive: 0xacee903f0>", distributionMethod="(null)", team="(null)">
</IDEDistributionProcessingPipelineContext: 0xadd2c1b00>
2026-01-16 07:32:14 +0000  Processing step: IDEDistributionCreateDestRootStep
2026-01-16 07:32:14 +0000  Processing step: IDEDistributionCopyItemStep
2026-01-16 07:32:14 +0000  Running /usr/bin/ditto '-V' '/Users/oliver/Library/Developer/Xcode/Archives/2026-01-16/MenuBarStats 16-01-2026, 07.32.xcarchive/Products/Applications/MenuBarStats.app' '/var/folders/1k/7qtcr2_577b6nw0285v3zx4m0000gn/T/XcodeDistPipeline.~~~WP1wbc/Root/Applications/MenuBarStats.app'
2026-01-16 07:32:14 +0000  >>> Copying /Users/oliver/Library/Developer/Xcode/Archives/2026-01-16/MenuBarStats 16-01-2026, 07.32.xcarchive/Products/Applications/MenuBarStats.app 
2026-01-16 07:32:14 +0000  copying file ./Contents/_CodeSignature/CodeResources ... 
2026-01-16 07:32:14 +0000  2200 bytes for ./Contents/_CodeSignature/CodeResources
2026-01-16 07:32:14 +0000  copying file ./Contents/MacOS/MenuBarStats ... 
2026-01-16 07:32:14 +0000  2071376 bytes for ./Contents/MacOS/MenuBarStats
2026-01-16 07:32:14 +0000  copying file ./Contents/Info.plist ... 
2026-01-16 07:32:14 +0000  2117 bytes for ./Contents/Info.plist
2026-01-16 07:32:14 +0000  copying file ./Contents/PkgInfo ... 
2026-01-16 07:32:14 +0000  8 bytes for ./Contents/PkgInfo
2026-01-16 07:32:14 +0000  /usr/bin/ditto exited with 0
2026-01-16 07:32:14 +0000  Processing step: IDEDistributionEmbedProfileStep
2026-01-16 07:32:14 +0000  Skipping profile for item: <IDEDistributionItem: 0xac8d3a280; bundleID='com.menubarstats.MenuBarStats', path='<DVTFilePath:0xacee91420:'/Users/oliver/Library/Developer/Xcode/Archives/2026-01-16/MenuBarStats 16-01-2026, 07.32.xcarchive/Products/Applications/MenuBarStats.app'>', codeSigningInfo='<_DVTCodeSigningInformation_Path: 0xac8d3a2e0; isSigned='1', isAdHocSigned='0', signingCertificate='<DVTSigningCertificate: 0xac90c92c0; name='Apple Development: Oliver Temple (3V8LX7H46T)', hash='62F709C8CF36F4952A511D2118488C9103DB7E5D', serialNumber='3C9681ECBFA9C7B73DC7F93F036327C3', certificateKinds='(
    "1.2.840.113635.100.6.1.12",
    "1.2.840.113635.100.6.1.2"
), issueDate='2025-01-28 15:32:28 +0000''>', entitlements='{
}', teamID='V2Y5YKCMTR', identifier='com.menubarstats.MenuBarStats', executablePath='<DVTFilePath:0xac9207180:'/Users/oliver/Library/Developer/Xcode/Archives/2026-01-16/MenuBarStats 16-01-2026, 07.32.xcarchive/Products/Applications/MenuBarStats.app/Contents/MacOS/MenuBarStats'>', hardenedRuntime='0'>'>
2026-01-16 07:32:14 +0000  Processing step: IDEDistributionInfoPlistStep
2026-01-16 07:32:14 +0000  Skipping step: IDEDistributionInfoPlistStep because it said so
2026-01-16 07:32:14 +0000  Processing step: IDEDistributionAppThinningPlistStep
2026-01-16 07:32:14 +0000  Processing step: IDEDistributionSymbolsStep
2026-01-16 07:32:14 +0000  Skipping step: IDEDistributionSymbolsStep because it said so
2026-01-16 07:32:14 +0000  Processing step: IDEDistributionAppThinningStep
2026-01-16 07:32:14 +0000  Skipping step: IDEDistributionAppThinningStep because it said so
2026-01-16 07:32:14 +0000  Processing step: IDEDistributionArchThinningStep
2026-01-16 07:32:14 +0000  Archs to thin for item /Users/oliver/Library/Developer/Xcode/Archives/2026-01-16/MenuBarStats 16-01-2026, 07.32.xcarchive/Products/Applications/MenuBarStats.app are []
2026-01-16 07:32:14 +0000  Processing step: IDEDistributionODRStep
2026-01-16 07:32:14 +0000  Processing step: IDEDistributionStripXattrsStep
2026-01-16 07:32:14 +0000  Skipping stripping extended attributes because the codesign step will strip them.
2026-01-16 07:32:14 +0000  Processing step: IDEDistributionCodesignStep
2026-01-16 07:32:14 +0000  Entitlements for <IDEDistributionItem: 0xac8d3a280; bundleID='com.menubarstats.MenuBarStats', path='<DVTFilePath:0xacee91420:'/Users/oliver/Library/Developer/Xcode/Archives/2026-01-16/MenuBarStats 16-01-2026, 07.32.xcarchive/Products/Applications/MenuBarStats.app'>', codeSigningInfo='<_DVTCodeSigningInformation_Path: 0xac8d3a2e0; isSigned='1', isAdHocSigned='0', signingCertificate='<DVTSigningCertificate: 0xac90cb780; name='Apple Development: Oliver Temple (3V8LX7H46T)', hash='62F709C8CF36F4952A511D2118488C9103DB7E5D', serialNumber='3C9681ECBFA9C7B73DC7F93F036327C3', certificateKinds='(
    "1.2.840.113635.100.6.1.12",
    "1.2.840.113635.100.6.1.2"
), issueDate='2025-01-28 15:32:28 +0000''>', entitlements='{
}', teamID='V2Y5YKCMTR', identifier='com.menubarstats.MenuBarStats', executablePath='<DVTFilePath:0xac9207180:'/Users/oliver/Library/Developer/Xcode/Archives/2026-01-16/MenuBarStats 16-01-2026, 07.32.xcarchive/Products/Applications/MenuBarStats.app/Contents/MacOS/MenuBarStats'>', hardenedRuntime='0'>'>: {
}
2026-01-16 07:32:14 +0000  Associated App Clip Identifiers Filter: Skipping because "com.apple.developer.associated-appclip-app-identifiers" is not present
2026-01-16 07:32:14 +0000  Entitlements for <IDEDistributionItem: 0xac8d3a280; bundleID='com.menubarstats.MenuBarStats', path='<DVTFilePath:0xacee91420:'/Users/oliver/Library/Developer/Xcode/Archives/2026-01-16/MenuBarStats 16-01-2026, 07.32.xcarchive/Products/Applications/MenuBarStats.app'>', codeSigningInfo='<_DVTCodeSigningInformation_Path: 0xac8d3a2e0; isSigned='1', isAdHocSigned='0', signingCertificate='<DVTSigningCertificate: 0xac90cb3c0; name='Apple Development: Oliver Temple (3V8LX7H46T)', hash='62F709C8CF36F4952A511D2118488C9103DB7E5D', serialNumber='3C9681ECBFA9C7B73DC7F93F036327C3', certificateKinds='(
    "1.2.840.113635.100.6.1.12",
    "1.2.840.113635.100.6.1.2"
), issueDate='2025-01-28 15:32:28 +0000''>', entitlements='{
}', teamID='V2Y5YKCMTR', identifier='com.menubarstats.MenuBarStats', executablePath='<DVTFilePath:0xac9207180:'/Users/oliver/Library/Developer/Xcode/Archives/2026-01-16/MenuBarStats 16-01-2026, 07.32.xcarchive/Products/Applications/MenuBarStats.app/Contents/MacOS/MenuBarStats'>', hardenedRuntime='0'>'> are: {
}
2026-01-16 07:32:14 +0000  Writing entitlements for <IDEDistributionItem: 0xac8d3a280; bundleID='com.menubarstats.MenuBarStats', path='<DVTFilePath:0xacee91420:'/Users/oliver/Library/Developer/Xcode/Archives/2026-01-16/MenuBarStats 16-01-2026, 07.32.xcarchive/Products/Applications/MenuBarStats.app'>', codeSigningInfo='<_DVTCodeSigningInformation_Path: 0xac8d3a2e0; isSigned='1', isAdHocSigned='0', signingCertificate='<DVTSigningCertificate: 0xac90cb3c0; name='Apple Development: Oliver Temple (3V8LX7H46T)', hash='62F709C8CF36F4952A511D2118488C9103DB7E5D', serialNumber='3C9681ECBFA9C7B73DC7F93F036327C3', certificateKinds='(
    "1.2.840.113635.100.6.1.12",
    "1.2.840.113635.100.6.1.2"
), issueDate='2025-01-28 15:32:28 +0000''>', entitlements='{
}', teamID='V2Y5YKCMTR', identifier='com.menubarstats.MenuBarStats', executablePath='<DVTFilePath:0xac9207180:'/Users/oliver/Library/Developer/Xcode/Archives/2026-01-16/MenuBarStats 16-01-2026, 07.32.xcarchive/Products/Applications/MenuBarStats.app/Contents/MacOS/MenuBarStats'>', hardenedRuntime='0'>'> to: /var/folders/1k/7qtcr2_577b6nw0285v3zx4m0000gn/T/XcodeDistPipeline.~~~WP1wbc/entitlements~~~DjBkdo
2026-01-16 07:32:14 +0000  invoking codesign: <NSConcreteTask: 0xad262ea30; launchPath='/usr/bin/codesign', arguments='(
    "-f",
    "-s",
    62F709C8CF36F4952A511D2118488C9103DB7E5D,
    "--entitlements",
    "/var/folders/1k/7qtcr2_577b6nw0285v3zx4m0000gn/T/XcodeDistPipeline.~~~WP1wbc/entitlements~~~DjBkdo",
    "--preserve-metadata=identifier,flags,runtime,launch-constraints,library-constraints",
    "--generate-entitlement-der",
    "--strip-disallowed-xattrs",
    "-vvv",
    "/var/folders/1k/7qtcr2_577b6nw0285v3zx4m0000gn/T/XcodeDistPipeline.~~~WP1wbc/Root/Applications/MenuBarStats.app"
)'>
2026-01-16 07:32:14 +0000  codesign output: /var/folders/1k/7qtcr2_577b6nw0285v3zx4m0000gn/T/XcodeDistPipeline.~~~WP1wbc/Root/Applications/MenuBarStats.app: replacing existing signature
/var/folders/1k/7qtcr2_577b6nw0285v3zx4m0000gn/T/XcodeDistPipeline.~~~WP1wbc/Root/Applications/MenuBarStats.app: signed app bundle with Mach-O universal (x86_64 arm64) [com.menubarstats.MenuBarStats]
2026-01-16 07:32:14 +0000  Processing step: IDEDistributionZipODRItemStep
2026-01-16 07:32:14 +0000  Skipping step: IDEDistributionZipODRItemStep because it said so
2026-01-16 07:32:14 +0000  Processing step: IDEDistributionSkipPackagingStep
2026-01-16 07:32:14 +0000  Processing step: IDEDistributionAppStoreInformationStep
2026-01-16 07:32:14 +0000  Skipping step: IDEDistributionAppStoreInformationStep because it said so
2026-01-16 07:32:14 +0000  Processing step: IDEDistributionGenerateProcessedDistributionItems
2026-01-16 07:32:14 +0000  IDEDistributionItem init <DVTFilePath:0xaced47cd0:'/var/folders/1k/7qtcr2_577b6nw0285v3zx4m0000gn/T/XcodeDistPipeline.~~~WP1wbc/Root/Applications/MenuBarStats.app'>
2026-01-16 07:32:14 +0000  [OPTIONAL] Didn't find embedded provisioning profile for <DVTFilePath:0xaced47cd0:'/var/folders/1k/7qtcr2_577b6nw0285v3zx4m0000gn/T/XcodeDistPipeline.~~~WP1wbc/Root/Applications/MenuBarStats.app'>: Error Domain=NSCocoaErrorDomain Code=4 "No file at <DVTFilePath:0xaced44460:'/var/folders/1k/7qtcr2_577b6nw0285v3zx4m0000gn/T/XcodeDistPipeline.~~~WP1wbc/Root/Applications/MenuBarStats.app/Contents/embedded.provisionprofile'>" UserInfo={NSLocalizedDescription=No file at <DVTFilePath:0xaced44460:'/var/folders/1k/7qtcr2_577b6nw0285v3zx4m0000gn/T/XcodeDistPipeline.~~~WP1wbc/Root/Applications/MenuBarStats.app/Contents/embedded.provisionprofile'>}
2026-01-16 07:32:14 +0000  Processing step: IDEDistributionCreateManifestStep
2026-01-16 07:32:14 +0000  Skipping step: IDEDistributionCreateManifestStep because it said so
